Redis Client Error {
  error: '',
  service: 'redis',
  traceId: 'e4a35d93f06ef0879163f70bb94001b0'
}
Redis Client Error {
  error: '',
  service: 'redis',
  traceId: 'e4a35d93f06ef0879163f70bb94001b0'
}
Redis Client Error {
  error: '',
  service: 'redis',
  traceId: 'e4a35d93f06ef0879163f70bb94001b0'
}
Redis Client Error {
  error: '',
  service: 'redis',
  traceId: 'e4a35d93f06ef0879163f70bb94001b0'
}
Redis Client Error {
  error: '',
  service: 'redis',
  traceId: 'e4a35d93f06ef0879163f70bb94001b0'
}
Redis Client Error {
  error: '',
  service: 'redis',
  traceId: 'e4a35d93f06ef0879163f70bb94001b0'
}
Redis Client Error {
  error: '',
  service: 'redis',
  traceId: 'e4a35d93f06ef0879163f70bb94001b0'
}
Redis Client Error {
  error: '',
  service: 'redis',
  traceId: 'e4a35d93f06ef0879163f70bb94001b0'
}
Redis Client Error {
  error: '',
  service: 'redis',
  traceId: 'e4a35d93f06ef0879163f70bb94001b0'
}
Redis Client Error {
  error: '',
  service: 'redis',
  traceId: 'e4a35d93f06ef0879163f70bb94001b0'
}
Redis Client Error {
  error: '',
  service: 'redis',
  traceId: 'e4a35d93f06ef0879163f70bb94001b0'
}
Redis Client Error {
  error: '',
  service: 'redis',
  traceId: 'e4a35d93f06ef0879163f70bb94001b0'
}
Redis Client Error {
  error: '',
  service: 'redis',
  traceId: 'e4a35d93f06ef0879163f70bb94001b0'
}
Redis Client Error {
  error: '',
  service: 'redis',
  traceId: 'e4a35d93f06ef0879163f70bb94001b0'
}
Redis Client Error {
  error: '',
  service: 'redis',
  traceId: 'e4a35d93f06ef0879163f70bb94001b0'
}
Redis Client Error {
  error: '',
  service: 'redis',
  traceId: 'e4a35d93f06ef0879163f70bb94001b0'
}
Redis Client Error {
  error: '',
  service: 'redis',
  traceId: 'e4a35d93f06ef0879163f70bb94001b0'
}
Redis Client Error {
  error: '',
  service: 'redis',
  traceId: 'e4a35d93f06ef0879163f70bb94001b0'
}
Redis Client Error {
  error: '',
  service: 'redis',
  traceId: 'e4a35d93f06ef0879163f70bb94001b0'
}
Redis Client Error {
  error: '',
  service: 'redis',
  traceId: 'e4a35d93f06ef0879163f70bb94001b0'
}
Redis Client Error {
  error: '',
  service: 'redis',
  traceId: '91be1275c8b7318dbd4821c8c1892b68'
}
Redis Client Error {
  error: '',
  service: 'redis',
  traceId: '91be1275c8b7318dbd4821c8c1892b68'
}
Redis Client Error {
  error: '',
  service: 'redis',
  traceId: '91be1275c8b7318dbd4821c8c1892b68'
}
Redis Client Error {
  error: '',
  service: 'redis',
  traceId: '91be1275c8b7318dbd4821c8c1892b68'
}
Redis Client Error {
  error: '',
  service: 'redis',
  traceId: '91be1275c8b7318dbd4821c8c1892b68'
}
Redis Client Error {
  error: '',
  service: 'redis',
  traceId: '91be1275c8b7318dbd4821c8c1892b68'
}
Redis Client Error {
  error: '',
  service: 'redis',
  traceId: '91be1275c8b7318dbd4821c8c1892b68'
}
Redis Client Error {
  error: '',
  service: 'redis',
  traceId: '91be1275c8b7318dbd4821c8c1892b68'
}
Redis Client Error {
  error: '',
  service: 'redis',
  traceId: '91be1275c8b7318dbd4821c8c1892b68'
}
Redis Client Error {
  error: '',
  service: 'redis',
  traceId: '91be1275c8b7318dbd4821c8c1892b68'
}
Redis Client Error {
  error: '',
  service: 'redis',
  traceId: '91be1275c8b7318dbd4821c8c1892b68'
}
Redis Client Error {
  error: '',
  service: 'redis',
  traceId: '91be1275c8b7318dbd4821c8c1892b68'
}
Redis Client Error {
  error: '',
  service: 'redis',
  traceId: '91be1275c8b7318dbd4821c8c1892b68'
}
Redis Client Error {
  error: '',
  service: 'redis',
  traceId: '91be1275c8b7318dbd4821c8c1892b68'
}
Redis Client Error {
  error: '',
  service: 'redis',
  traceId: '91be1275c8b7318dbd4821c8c1892b68'
}
Redis Client Error {
  error: '',
  service: 'redis',
  traceId: '91be1275c8b7318dbd4821c8c1892b68'
}
Redis Client Error {
  error: '',
  service: 'redis',
  traceId: '91be1275c8b7318dbd4821c8c1892b68'
}
Redis Client Error {
  error: '',
  service: 'redis',
  traceId: '91be1275c8b7318dbd4821c8c1892b68'
}
Redis Client Error {
  error: '',
  service: 'redis',
  traceId: '91be1275c8b7318dbd4821c8c1892b68'
}
Redis Client Error {
  error: '',
  service: 'redis',
  traceId: '91be1275c8b7318dbd4821c8c1892b68'
}
Redis Client Error {
  error: '',
  service: 'redis',
  traceId: '91be1275c8b7318dbd4821c8c1892b68'
}
Redis Client Error {
  error: '',
  service: 'redis',
  traceId: '91be1275c8b7318dbd4821c8c1892b68'
}
Redis Client Error {
  error: '',
  service: 'redis',
  traceId: '91be1275c8b7318dbd4821c8c1892b68'
}
Redis Client Error {
  error: '',
  service: 'redis',
  traceId: '91be1275c8b7318dbd4821c8c1892b68'
}
Redis Client Error {
  error: '',
  service: 'redis',
  traceId: '91be1275c8b7318dbd4821c8c1892b68'
}
Redis Client Error {
  error: '',
  service: 'redis',
  traceId: '91be1275c8b7318dbd4821c8c1892b68'
}
Redis Client Error {
  error: '',
  service: 'redis',
  traceId: '91be1275c8b7318dbd4821c8c1892b68'
}
Redis Client Error {
  error: '',
  service: 'redis',
  traceId: '91be1275c8b7318dbd4821c8c1892b68'
}
Redis Client Error {
  error: '',
  service: 'redis',
  traceId: '5a3a56c99a37391578533d70520c1f60'
}
Redis Client Error {
  error: '',
  service: 'redis',
  traceId: '5a3a56c99a37391578533d70520c1f60'
}
Redis Client Error {
  error: '',
  service: 'redis',
  traceId: '5a3a56c99a37391578533d70520c1f60'
}
Redis Client Error {
  error: '',
  service: 'redis',
  traceId: '5a3a56c99a37391578533d70520c1f60'
}
Redis Client Error {
  error: '',
  service: 'redis',
  traceId: '5a3a56c99a37391578533d70520c1f60'
}
Redis Client Error {
  error: '',
  service: 'redis',
  traceId: '5a3a56c99a37391578533d70520c1f60'
}
Redis Client Error {
  error: '',
  service: 'redis',
  traceId: '5a3a56c99a37391578533d70520c1f60'
}
Redis Client Error {
  error: '',
  service: 'redis',
  traceId: '5a3a56c99a37391578533d70520c1f60'
}
Redis Client Error {
  error: '',
  service: 'redis',
  traceId: '5a3a56c99a37391578533d70520c1f60'
}
Redis Client Error {
  error: '',
  service: 'redis',
  traceId: '5a3a56c99a37391578533d70520c1f60'
}
Redis Client Error {
  error: '',
  service: 'redis',
  traceId: '5a3a56c99a37391578533d70520c1f60'
}
Redis Client Error {
  error: '',
  service: 'redis',
  traceId: '5a3a56c99a37391578533d70520c1f60'
}
Redis Client Error {
  error: '',
  service: 'redis',
  traceId: '5a3a56c99a37391578533d70520c1f60'
}
Redis Client Error {
  error: '',
  service: 'redis',
  traceId: '5a3a56c99a37391578533d70520c1f60'
}
Redis Client Error {
  error: '',
  service: 'redis',
  traceId: '5a3a56c99a37391578533d70520c1f60'
}
Redis Client Error {
  error: '',
  service: 'redis',
  traceId: '5a3a56c99a37391578533d70520c1f60'
}
Redis Client Error {
  error: '',
  service: 'redis',
  traceId: '5a3a56c99a37391578533d70520c1f60'
}
Redis Client Error {
  error: '',
  service: 'redis',
  traceId: '5a3a56c99a37391578533d70520c1f60'
}
Redis Client Error {
  error: '',
  service: 'redis',
  traceId: '5a3a56c99a37391578533d70520c1f60'
}
Redis Client Error {
  error: '',
  service: 'redis',
  traceId: '5a3a56c99a37391578533d70520c1f60'
}
Redis Client Error {
  error: '',
  service: 'redis',
  traceId: '5a3a56c99a37391578533d70520c1f60'
}
Redis Client Error {
  error: '',
  service: 'redis',
  traceId: '5a3a56c99a37391578533d70520c1f60'
}
